
ROM used:   173/8192 (2%)
            173/8192 (2%) including unused fragments

            0.2 Average locations per line
            4.6 Average locations per statement

RAM used:   6/368 (2%) at main() level
            8/368 (2%) worst case

Stack used: 1 worst case (1 in main + 0 for interrupts)
Stack size: 8

Lines Stmts  %   Files
----- ----- ---  -----
   72    38 100  main.c
  661     0   0  ..\..\..\Program Files (x86)\PICC\Devices\16F877A.h
----- -----
  733    38 Total

Page ROM  %  RAM   Vol Diff  Functions:
---- --- --- ---   --- ----  ----------
0     27  16    0    67  1.2  move_backward
0     27  16    0    67  1.2  turn_left
0     27  16    0    67  1.2  turn_right
0     25  14    0    67  1.2  stop
0     63  36    0   480  4.4  MAIN
 Inline         0             @cinit1

Program metrics:
    Functions               5
    Statements              38
    Comments                135
    Volume (V)              1056
    Difficulty (D)          9.1
    Effort to implement (E) 9629
    Time to implement (T)   9 minutes
    Est Delivered Bugs (B)  0
    Cyclomatic Complexity   4
    Maintainability (MI)    159

 Segment     Used  Free
-----------  ----  ----
00000-00003     4  0  
00004-007FF   169  1875  
00800-00FFF     0  2048  
01000-017FF     0  2048  
01800-01FFF     0  2048  



